<?xml version="1.0" encoding="UTF-8"?>
<!-- Generated by org.testng.reporters.JUnitXMLReporter -->
<testsuite ignored="0" hostname="D-pucks-MacBook-Pro.local" failures="0" tests="1" name="Test-1" time="28.317" errors="0" timestamp="2025-03-01T11:49:57 IST">
  <testcase classname="testNG.SampleBrowserLaunch" name="demoLaunch" time="28.244"/>
</testsuite> <!-- Test-1 -->
