<?xml version="1.0" encoding="UTF-8"?>
<!-- Generated by org.testng.reporters.JUnitReportReporter -->
<testsuite hostname="D-pucks-MacBook-Pro.local" failures="0" tests="6" name="testNG.SampleTest" time="0.066" errors="0" timestamp="2025-02-24T20:54:10 IST" skipped="1">
  <testcase classname="testNG.SampleTest" name="createCustomer" time="0.040"/>
  <system-out/>
  <testcase classname="testNG.SampleTest" name="modifyCustomer" time="0.004"/>
  <system-out/>
  <testcase classname="testNG.SampleTest" name="modifyCustomer" time="0.013"/>
  <system-out/>
  <testcase classname="testNG.SampleTest" name="modifyCustomer" time="0.007"/>
  <system-out/>
  <testcase classname="testNG.SampleTest" name="deleteCustomer" time="0.002"/>
  <system-out/>
  <testcase classname="testNG.SampleTest" name="deleteCustomer1">
    <skipped/>
  </testcase> <!-- deleteCustomer1 -->
  <system-out/>
</testsuite> <!-- testNG.SampleTest -->
