<?xml version="1.0" encoding="UTF-8"?>
<!-- Generated by org.testng.reporters.JUnitReportReporter -->
<testsuite hostname="D-pucks-MacBook-Pro.local" failures="0" tests="3" name="testNG.DataProviderPractice" time="0.072" errors="0" timestamp="2025-02-27T20:04:10 IST" skipped="0">
  <testcase classname="testNG.DataProviderPractice" name="addPhoneToCart" time="0.017"/>
  <system-out/>
  <testcase classname="testNG.DataProviderPractice" name="addPhoneToCart" time="0.019"/>
  <system-out/>
  <testcase classname="testNG.DataProviderPractice" name="addPhoneToCart" time="0.036"/>
  <system-out/>
</testsuite> <!-- testNG.DataProviderPractice -->
