<?xml version="1.0" encoding="UTF-8"?>
<!-- Generated by org.testng.reporters.JUnitReportReporter -->
<testsuite hostname="D-pucks-MacBook-Pro.local" failures="0" tests="3" name="testNG.SampleBrowserLaunch" time="84.603" errors="0" timestamp="2025-03-01T11:49:57 IST" skipped="0">
  <testcase classname="testNG.SampleBrowserLaunch" name="demoLaunch" time="27.991"/>
  <system-out/>
  <testcase classname="testNG.SampleBrowserLaunch" name="demoLaunch" time="28.244"/>
  <system-out/>
  <testcase classname="testNG.SampleBrowserLaunch" name="demoLaunch" time="28.368"/>
  <system-out/>
</testsuite> <!-- testNG.SampleBrowserLaunch -->
